2025-08-08 14:57:19,044 - utils.logger - INFO - Vision API 분석 완료 - 스크린샷: 9.32초, 분석: 220.43초
2025-08-08 15:00:51,510 - utils.logger - INFO - Vision API 분석 완료 - 스크린샷: 9.14초, 분석: 126.49초
2025-08-08 15:04:13,770 - utils.logger - INFO - Vision API 분석 완료 - 스크린샷: 9.87초, 분석: 101.92초
2025-08-08 15:04:20,481 - utils.logger - INFO - Vision API 분석 완료 - 스크린샷: 14.48초, 분석: 111.85초
2025-08-08 15:10:03,063 - utils.logger - INFO - Vision API 분석 완료 - 스크린샷: 19.29초, 분석: 122.03초
2025-08-08 15:19:28,213 - utils.logger - INFO - Vision API 분석 완료 - 스크린샷: 22.10초, 분석: 239.90초
2025-08-08 15:27:41,810 - utils.logger - INFO - Vision API 분석 완료 - 스크린샷: 22.40초, 분석: 165.01초
2025-08-08 15:35:06,539 - utils.logger - INFO - Vision API 분석 완료 - 스크린샷: 19.80초, 분석: 122.03초
2025-08-08 15:40:30,008 - utils.logger - INFO - Vision API 분석 완료 - 스크린샷: 19.48초, 분석: 1.22초
2025-08-08 15:40:30,012 - utils.logger - ERROR - 메인 트레이딩 사이클 오류: 'NoneType' object is not subscriptable
2025-08-08 15:47:59,305 - utils.logger - INFO - Vision API 분석 완료 - 스크린샷: 19.75초, 분석: 126.68초
2025-08-08 15:53:22,998 - utils.logger - INFO - Vision API 분석 완료 - 스크린샷: 19.55초, 분석: 1.41초
2025-08-08 15:53:23,004 - utils.logger - ERROR - 메인 트레이딩 사이클 오류: 'NoneType' object is not subscriptable
2025-08-08 19:03:32,247 - utils.logger - INFO - Vision API 분석 완료 - 스크린샷: 20.54초, 분석: 0.03초
2025-08-08 19:05:51,444 - utils.logger - INFO - Vision API 분석 완료 - 스크린샷: 8.75초, 분석: 60.05초
2025-08-08 19:27:55,458 - utils.logger - INFO - Vision API 분석 완료 - 스크린샷: 26.88초, 분석: 41.42초
2025-08-08 20:01:41,352 - utils.logger - INFO - Vision API 분석 완료 - 스크린샷: 25.49초, 분석: 46.18초
2025-08-08 20:28:25,536 - utils.logger - INFO - Vision API 분석 완료 - 스크린샷: 16.86초, 분석: 57.18초
2025-08-08 20:28:28,909 - utils.logger - INFO - 매매 실행 성공: {'action': 'buy', 'price': 160898000.0, 'amount': 0.00033860239174352235, 'total_value': 54507.701477488, 'fee': 27.253850738744, 'order_id': '132657ef-c55b-4ef6-af46-9c75aa7f7314', 'status': 'executed', 'success': True}
2025-08-08 21:00:51,599 - utils.logger - INFO - Vision API 분석 완료 - 스크린샷: 19.20초, 분석: 120.04초
2025-08-08 21:00:51,675 - utils.logger - INFO - 매매 실행 성공: {'action': 'hold', 'price': 160899000.0, 'amount': 0, 'total_value': 0, 'fee': 0, 'order_id': '', 'status': 'held', 'success': True}
2025-08-08 21:13:04,854 - utils.logger - INFO - Vision API 분석 완료 - 스크린샷: 17.24초, 분석: 64.33초
2025-08-08 21:13:04,854 - utils.logger - WARNING - 매매 실행 실패: {'action': 'none', 'price': 0, 'amount': 0, 'total_value': 0, 'fee': 0, 'order_id': '', 'status': 'insufficient_balance', 'success': False}
